2019-01-18 08:33:35,024 INFO  [org.jboss.modules] (main) JBoss Modules version 1.8.6.Final
2019-01-18 08:33:37,945 INFO  [org.jboss.msc] (main) JBoss MSC version 1.4.3.Final
2019-01-18 08:33:37,961 INFO  [org.jboss.threads] (main) JBoss Threads version 2.3.2.Final
2019-01-18 08:33:38,102 INFO  [org.jboss.as] (MSC service thread 1-3) WFLYSRV0049: Keycloak 4.8.3.Final (WildFly Core 6.0.2.Final) starting
2019-01-18 08:33:38,102 DEBUG [org.jboss.as.config] (MSC service thread 1-3) Configured system properties:
	awt.toolkit = sun.awt.windows.WToolkit
	file.encoding = Cp1252
	file.encoding.pkg = sun.io
	file.separator = \
	java.awt.graphicsenv = sun.awt.Win32GraphicsEnvironment
	java.awt.printerjob = sun.awt.windows.WPrinterJob
	java.class.path = D:\Git\All\CPS2_Project\webApp\keycloak-4.8.3.Final\jboss-modules.jar
	java.class.version = 54.0
	java.home = C:\Program Files\Java\jre-10.0.1
	java.io.tmpdir = C:\Users\Lagai\AppData\Local\Temp\
	java.library.path = C:\Program Files (x86)\Common Files\Oracle\Java\javapath;C:\WINDOWS\Sun\Java\bin;C:\WINDOWS\system32;C:\WINDOWS;C:\Program Files\NVIDIA GPU Computing Toolkit\CUDA\v9.2\bin;C:\Program Files\NVIDIA GPU Computing Toolkit\CUDA\v9.2\libnvvp;C:\Program Files (x86)\iis express\PHP\v5.6;C:\Program Files (x86)\Common Files\Oracle\Java\javapath;C:\ProgramData\Oracle\Java\javapath;C:\Program Files\NVIDIA GPU Computing Toolkit\CUDA\v9.1\bin;C:\Program Files\NVIDIA GPU Computing Toolkit\CUDA\v9.1\libnvvp;C:\Program Files\NVIDIA GPU Computing Toolkit\CUDA\v8.0\bin;C:\Program Files\NVIDIA GPU Computing Toolkit\CUDA\v8.0\libnvvp;C:\Program Files (x86)\Intel\iCLS Client\;C:\Program Files\Intel\iCLS Client\;C:\Windows\system32;C:\Windows;C:\Windows\System32\Wbem;C:\Windows\System32\WindowsPowerShell\v1.0\;C:\Program Files (x86)\Intel\Intel(R) Management Engine Components\DAL;C:\Program Files\Intel\Intel(R) Management Engine Components\DAL;C:\Program Files (x86)\Intel\Intel(R) Management Engine Components\IPT;C:\Program Files\Intel\Intel(R) Management Engine Components\IPT;C:\Program Files (x86)\NVIDIA Corporation\PhysX\Common;C:\WINDOWS;C:\Program Files\nodejs\;C:\Users\Lagai\AppData\Local\Microsoft\WindowsApps;C:\Users\Lagai\AppData\Local\Programs\MiKTeX 2.9\miktex\bin\x64\;C:\Users\Lagai\AppData\Local\GitHubDesktop\bin;C:\Program Files (x86)\Microsoft Visual Studio 14.0\VC\bin;C:\Users\Lagai\AppData\Local\atom\bin;C:\Users\Lagai\AppData\Local\Microsoft\WindowsApps;C:\Program Files\Microsoft VS Code\bin;C:\Users\Lagai\AppData\Roaming\npm;.
	java.net.preferIPv4Stack = true
	java.runtime.name = Java(TM) SE Runtime Environment
	java.runtime.version = 10.0.1+10
	java.specification.name = Java Platform API Specification
	java.specification.vendor = Oracle Corporation
	java.specification.version = 10
	java.util.logging.manager = org.jboss.logmanager.LogManager
	java.vendor = Oracle Corporation
	java.vendor.url = http://java.oracle.com/
	java.vendor.url.bug = http://bugreport.java.com/bugreport/
	java.vendor.version = 18.3
	java.version = 10.0.1
	java.version.date = 2018-04-17
	java.vm.compressedOopsMode = 32-bit
	java.vm.info = mixed mode
	java.vm.name = Java HotSpot(TM) 64-Bit Server VM
	java.vm.specification.name = Java Virtual Machine Specification
	java.vm.specification.vendor = Oracle Corporation
	java.vm.specification.version = 10
	java.vm.vendor = "Oracle Corporation"
	java.vm.version = 10.0.1+10
	javax.management.builder.initial = org.jboss.as.jmx.PluggableMBeanServerBuilder
	jboss.home.dir = D:\Git\All\CPS2_Project\webApp\keycloak-4.8.3.Final
	jboss.host.name = laptop-ll70umi1
	jboss.modules.dir = D:\Git\All\CPS2_Project\webApp\keycloak-4.8.3.Final\modules
	jboss.modules.system.pkgs = org.jboss.byteman
	jboss.node.name = laptop-ll70umi1
	jboss.qualified.host.name = laptop-ll70umi1
	jboss.server.base.dir = D:\Git\All\CPS2_Project\webApp\keycloak-4.8.3.Final\standalone
	jboss.server.config.dir = D:\Git\All\CPS2_Project\webApp\keycloak-4.8.3.Final\standalone\configuration
	jboss.server.data.dir = D:\Git\All\CPS2_Project\webApp\keycloak-4.8.3.Final\standalone\data
	jboss.server.deploy.dir = D:\Git\All\CPS2_Project\webApp\keycloak-4.8.3.Final\standalone\data\content
	jboss.server.log.dir = D:\Git\All\CPS2_Project\webApp\keycloak-4.8.3.Final\standalone\log
	jboss.server.name = laptop-ll70umi1
	jboss.server.persist.config = true
	jboss.server.temp.dir = D:\Git\All\CPS2_Project\webApp\keycloak-4.8.3.Final\standalone\tmp
	jdk.debug = release
	line.separator = 

	logging.configuration = file:D:\Git\All\CPS2_Project\webApp\keycloak-4.8.3.Final\standalone\configuration/logging.properties
	module.path = D:\Git\All\CPS2_Project\webApp\keycloak-4.8.3.Final\modules
	org.jboss.boot.log.file = D:\Git\All\CPS2_Project\webApp\keycloak-4.8.3.Final\standalone\log\server.log
	org.jboss.resolver.warning = true
	os.arch = amd64
	os.name = Windows 10
	os.version = 10.0
	path.separator = ;
	program.name = standalone.bat
	sun.arch.data.model = 64
	sun.boot.library.path = C:\Program Files\Java\jre-10.0.1\bin
	sun.cpu.endian = little
	sun.cpu.isalist = amd64
	sun.desktop = windows
	sun.io.unicode.encoding = UnicodeLittle
	sun.java.command = D:\Git\All\CPS2_Project\webApp\keycloak-4.8.3.Final\jboss-modules.jar -mp D:\Git\All\CPS2_Project\webApp\keycloak-4.8.3.Final\modules org.jboss.as.standalone -Djboss.home.dir=D:\Git\All\CPS2_Project\webApp\keycloak-4.8.3.Final
	sun.java.launcher = SUN_STANDARD
	sun.jnu.encoding = Cp1252
	sun.management.compiler = HotSpot 64-Bit Tiered Compilers
	sun.os.patch.level = 
	sun.stderr.encoding = cp850
	sun.stdout.encoding = cp850
	user.country = FR
	user.dir = D:\Git\All\CPS2_Project\webApp\keycloak-4.8.3.Final\bin
	user.home = C:\Users\Lagai
	user.language = fr
	user.name = Lagai
	user.script = 
	user.timezone = Europe/Paris
	user.variant = 
2019-01-18 08:33:38,102 DEBUG [org.jboss.as.config] (MSC service thread 1-3) VM Arguments: -Dprogram.name=standalone.bat -Xms64M -Xmx512M -XX:MetaspaceSize=96M -XX:MaxMetaspaceSize=256m -Djava.net.preferIPv4Stack=true -Djboss.modules.system.pkgs=org.jboss.byteman --add-exports=java.base/sun.nio.ch=ALL-UNNAMED --add-exports=jdk.unsupported/sun.misc=ALL-UNNAMED --add-exports=jdk.unsupported/sun.reflect=ALL-UNNAMED --add-modules=java.se -Dorg.jboss.boot.log.file=D:\Git\All\CPS2_Project\webApp\keycloak-4.8.3.Final\standalone\log\server.log -Dlogging.configuration=file:D:\Git\All\CPS2_Project\webApp\keycloak-4.8.3.Final\standalone\configuration/logging.properties 
2019-01-18 08:33:39,648 INFO  [org.wildfly.security] (ServerService Thread Pool -- 19) ELY00001: WildFly Elytron version 1.6.0.Final
2019-01-18 08:33:44,444 INFO  [org.jboss.as.controller.management-deprecated] (Controller Boot Thread) WFLYCTL0028: Attribute 'security-realm' in the resource at address '/core-service=management/management-interface=http-interface' is deprecated, and may be removed in a future version. See the attribute description in the output of the read-resource-description operation to learn more about the deprecation.
2019-01-18 08:33:44,475 INFO  [org.jboss.as.controller.management-deprecated] (ServerService Thread Pool -- 13) WFLYCTL0028: Attribute 'security-realm' in the resource at address '/subsystem=undertow/server=default-server/https-listener=https' is deprecated, and may be removed in a future version. See the attribute description in the output of the read-resource-description operation to learn more about the deprecation.
2019-01-18 08:33:44,569 INFO  [org.jboss.as.server] (Controller Boot Thread) WFLYSRV0039: Creating http management service using socket-binding (management-http)
2019-01-18 08:33:44,585 INFO  [org.xnio] (MSC service thread 1-7) XNIO version 3.6.5.Final
2019-01-18 08:33:44,585 INFO  [org.xnio.nio] (MSC service thread 1-7) XNIO NIO Implementation Version 3.6.5.Final
2019-01-18 08:33:44,616 INFO  [org.jboss.as.clustering.infinispan] (ServerService Thread Pool -- 33) WFLYCLINF0001: Activating Infinispan subsystem.
2019-01-18 08:33:44,616 WARN  [org.jboss.as.txn] (ServerService Thread Pool -- 45) WFLYTX0013: The node-identifier attribute on the /subsystem=transactions is set to the default value. This is a danger for environments running multiple servers. Please make sure the attribute value is unique.
2019-01-18 08:33:44,631 INFO  [org.jboss.as.security] (ServerService Thread Pool -- 44) WFLYSEC0002: Activating Security Subsystem
2019-01-18 08:33:44,616 INFO  [org.jboss.as.naming] (ServerService Thread Pool -- 39) WFLYNAM0001: Activating Naming Subsystem
2019-01-18 08:33:44,647 INFO  [org.jboss.as.security] (MSC service thread 1-4) WFLYSEC0001: Current PicketBox version=5.0.3.Final
2019-01-18 08:33:44,631 INFO  [org.jboss.as.mail.extension] (MSC service thread 1-1) WFLYMAIL0002: Unbound mail session [java:jboss/mail/Default]
2019-01-18 08:33:44,647 INFO  [org.jboss.as.connector] (MSC service thread 1-8) WFLYJCA0009: Starting JCA Subsystem (WildFly/IronJacamar 1.4.11.Final)
2019-01-18 08:33:44,647 INFO  [org.wildfly.extension.io] (ServerService Thread Pool -- 32) WFLYIO001: Worker 'default' has auto-configured to 16 core threads with 128 task threads based on your 8 available processors
2019-01-18 08:33:44,725 INFO  [org.jboss.as.connector.subsystems.datasources] (ServerService Thread Pool -- 28) WFLYJCA0004: Deploying JDBC-compliant driver class org.h2.Driver (version 1.4)
2019-01-18 08:33:44,756 INFO  [org.jboss.as.connector.deployers.jdbc] (MSC service thread 1-7) WFLYJCA0018: Started Driver service with driver-name = h2
2019-01-18 08:33:44,772 INFO  [org.wildfly.extension.undertow] (MSC service thread 1-5) WFLYUT0003: Undertow 2.0.13.Final starting
2019-01-18 08:33:44,772 INFO  [org.jboss.remoting] (MSC service thread 1-8) JBoss Remoting version 5.0.8.Final
2019-01-18 08:33:44,772 INFO  [org.jboss.as.naming] (MSC service thread 1-7) WFLYNAM0003: Starting Naming Service
2019-01-18 08:33:44,788 INFO  [org.jboss.as.mail.extension] (MSC service thread 1-5) WFLYMAIL0001: Bound mail session [java:jboss/mail/Default]
2019-01-18 08:33:44,819 INFO  [org.jboss.as.connector.subsystems.datasources] (MSC service thread 1-8) WFLYJCA0010: Unbound data source [java:jboss/datasources/KeycloakDS]
2019-01-18 08:33:44,819 INFO  [org.jboss.as.connector.subsystems.datasources] (MSC service thread 1-3) WFLYJCA0010: Unbound data source [java:jboss/datasources/ExampleDS]
2019-01-18 08:33:44,944 INFO  [org.jboss.as.ejb3] (MSC service thread 1-7) WFLYEJB0481: Strict pool slsb-strict-max-pool is using a max instance size of 128 (per class), which is derived from thread worker pool sizing.
2019-01-18 08:33:44,944 INFO  [org.jboss.as.ejb3] (MSC service thread 1-1) WFLYEJB0482: Strict pool mdb-strict-max-pool is using a max instance size of 32 (per class), which is derived from the number of CPUs on this host.
2019-01-18 08:33:45,168 INFO  [org.wildfly.extension.undertow] (ServerService Thread Pool -- 46) WFLYUT0014: Creating file handler for path 'D:\Git\All\CPS2_Project\webApp\keycloak-4.8.3.Final/welcome-content' with options [directory-listing: 'false', follow-symlink: 'false', case-sensitive: 'true', safe-symlink-paths: '[]']
2019-01-18 08:33:45,168 INFO  [org.wildfly.extension.undertow] (MSC service thread 1-8) WFLYUT0012: Started server default-server.
2019-01-18 08:33:45,183 INFO  [org.wildfly.extension.undertow] (MSC service thread 1-5) WFLYUT0018: Host default-host starting
2019-01-18 08:33:45,464 INFO  [org.wildfly.extension.undertow] (MSC service thread 1-7) WFLYUT0006: Undertow HTTP listener default listening on 127.0.0.1:8080
2019-01-18 08:33:45,558 INFO  [org.jboss.as.ejb3] (MSC service thread 1-5) WFLYEJB0493: EJB subsystem suspension complete
2019-01-18 08:33:45,636 INFO  [org.jboss.as.connector.subsystems.datasources] (MSC service thread 1-2) WFLYJCA0001: Bound data source [java:jboss/datasources/KeycloakDS]
2019-01-18 08:33:45,636 INFO  [org.jboss.as.connector.subsystems.datasources] (MSC service thread 1-1) WFLYJCA0001: Bound data source [java:jboss/datasources/ExampleDS]
2019-01-18 08:33:45,699 INFO  [org.jboss.as.jaxrs] (ServerService Thread Pool -- 34) WFLYRS0016: RESTEasy version 3.6.1.Final
2019-01-18 08:33:48,354 INFO  [org.jboss.as.patching] (MSC service thread 1-2) WFLYPAT0050: Keycloak cumulative patch ID is: base, one-off patches include: none
2019-01-18 08:33:48,354 WARN  [org.jboss.as.domain.management.security] (MSC service thread 1-7) WFLYDM0111: Keystore D:\Git\All\CPS2_Project\webApp\keycloak-4.8.3.Final\standalone\configuration\application.keystore not found, it will be auto generated on first use with a self signed certificate for host localhost
2019-01-18 08:33:48,370 INFO  [org.jboss.as.server.deployment.scanner] (MSC service thread 1-2) WFLYDS0013: Started FileSystemDeploymentService for directory D:\Git\All\CPS2_Project\webApp\keycloak-4.8.3.Final\standalone\deployments
2019-01-18 08:33:48,370 INFO  [org.jboss.as.server.deployment] (MSC service thread 1-8) WFLYSRV0027: Starting deployment of "keycloak-server.war" (runtime-name: "keycloak-server.war")
2019-01-18 08:33:48,433 INFO  [org.wildfly.extension.undertow] (MSC service thread 1-3) WFLYUT0006: Undertow HTTPS listener https listening on 127.0.0.1:8443
2019-01-18 08:33:51,464 WARN  [org.jboss.as.dependency.private] (MSC service thread 1-7) WFLYSRV0018: Deployment "deployment.keycloak-server.war" is using a private module ("org.kie") which may be changed or removed in future versions without notice.
2019-01-18 08:33:51,823 INFO  [org.infinispan.factories.GlobalComponentRegistry] (MSC service thread 1-3) ISPN000128: Infinispan version: Infinispan 'Estrella Galicia' 9.3.1.Final
2019-01-18 08:33:52,042 INFO  [org.jboss.as.clustering.infinispan] (ServerService Thread Pool -- 59) WFLYCLINF0002: Started users cache from keycloak container
2019-01-18 08:33:52,042 INFO  [org.jboss.as.clustering.infinispan] (ServerService Thread Pool -- 48) WFLYCLINF0002: Started offlineClientSessions cache from keycloak container
2019-01-18 08:33:52,042 INFO  [org.jboss.as.clustering.infinispan] (ServerService Thread Pool -- 52) WFLYCLINF0002: Started authenticationSessions cache from keycloak container
2019-01-18 08:33:52,042 INFO  [org.jboss.as.clustering.infinispan] (ServerService Thread Pool -- 58) WFLYCLINF0002: Started clientSessions cache from keycloak container
2019-01-18 08:33:52,042 INFO  [org.jboss.as.clustering.infinispan] (ServerService Thread Pool -- 57) WFLYCLINF0002: Started offlineSessions cache from keycloak container
2019-01-18 08:33:52,042 INFO  [org.jboss.as.clustering.infinispan] (ServerService Thread Pool -- 49) WFLYCLINF0002: Started work cache from keycloak container
2019-01-18 08:33:52,042 INFO  [org.jboss.as.clustering.infinispan] (ServerService Thread Pool -- 53) WFLYCLINF0002: Started loginFailures cache from keycloak container
2019-01-18 08:33:52,042 INFO  [org.jboss.as.clustering.infinispan] (ServerService Thread Pool -- 51) WFLYCLINF0002: Started keys cache from keycloak container
2019-01-18 08:33:52,042 INFO  [org.jboss.as.clustering.infinispan] (ServerService Thread Pool -- 54) WFLYCLINF0002: Started realms cache from keycloak container
2019-01-18 08:33:52,042 INFO  [org.jboss.as.clustering.infinispan] (ServerService Thread Pool -- 56) WFLYCLINF0002: Started sessions cache from keycloak container
2019-01-18 08:33:52,042 INFO  [org.jboss.as.clustering.infinispan] (ServerService Thread Pool -- 55) WFLYCLINF0002: Started authorization cache from keycloak container
2019-01-18 08:33:52,058 INFO  [org.jboss.as.clustering.infinispan] (ServerService Thread Pool -- 50) WFLYCLINF0002: Started actionTokens cache from keycloak container
2019-01-18 08:33:52,058 INFO  [org.jboss.as.clustering.infinispan] (ServerService Thread Pool -- 60) WFLYCLINF0002: Started client-mappings cache from ejb container
2019-01-18 08:33:52,901 INFO  [org.keycloak.services] (ServerService Thread Pool -- 48) KC-SERVICES0001: Loading config from standalone.xml or domain.xml
2019-01-18 08:33:53,307 INFO  [org.jboss.as.clustering.infinispan] (ServerService Thread Pool -- 48) WFLYCLINF0002: Started realmRevisions cache from keycloak container
2019-01-18 08:33:53,307 INFO  [org.jboss.as.clustering.infinispan] (ServerService Thread Pool -- 48) WFLYCLINF0002: Started userRevisions cache from keycloak container
2019-01-18 08:33:53,307 INFO  [org.jboss.as.clustering.infinispan] (ServerService Thread Pool -- 48) WFLYCLINF0002: Started authorizationRevisions cache from keycloak container
2019-01-18 08:33:53,323 INFO  [org.keycloak.connections.infinispan.DefaultInfinispanConnectionProviderFactory] (ServerService Thread Pool -- 48) Node name: laptop-ll70umi1, Site name: null
2019-01-18 08:33:56,168 INFO  [org.keycloak.connections.jpa.updater.liquibase.LiquibaseJpaUpdaterProvider] (ServerService Thread Pool -- 48) Initializing database schema. Using changelog META-INF/jpa-changelog-master.xml
2019-01-18 08:33:57,418 INFO  [org.hibernate.jpa.internal.util.LogHelper] (ServerService Thread Pool -- 48) HHH000204: Processing PersistenceUnitInfo [
	name: keycloak-default
	...]
2019-01-18 08:33:57,481 INFO  [org.hibernate.Version] (ServerService Thread Pool -- 48) HHH000412: Hibernate Core {5.3.6.Final}
2019-01-18 08:33:57,496 INFO  [org.hibernate.cfg.Environment] (ServerService Thread Pool -- 48) HHH000206: hibernate.properties not found
2019-01-18 08:33:57,637 INFO  [org.hibernate.annotations.common.Version] (ServerService Thread Pool -- 48) HCANN000001: Hibernate Commons Annotations {5.0.4.Final}
2019-01-18 08:33:57,793 INFO  [org.hibernate.dialect.Dialect] (ServerService Thread Pool -- 48) HHH000400: Using dialect: org.hibernate.dialect.H2Dialect
2019-01-18 08:33:57,793 WARN  [org.hibernate.dialect.H2Dialect] (ServerService Thread Pool -- 48) HHH000431: Unable to determine H2 database version, certain features may not work
2019-01-18 08:33:57,840 INFO  [org.hibernate.envers.boot.internal.EnversServiceImpl] (ServerService Thread Pool -- 48) Envers integration enabled? : true
2019-01-18 08:33:58,293 INFO  [org.hibernate.orm.beans] (ServerService Thread Pool -- 48) HHH10005002: No explicit CDI BeanManager reference was passed to Hibernate, but CDI is available on the Hibernate ClassLoader.
2019-01-18 08:33:58,355 INFO  [org.hibernate.validator.internal.util.Version] (ServerService Thread Pool -- 48) HV000001: Hibernate Validator 6.0.13.Final
2019-01-18 08:33:59,449 INFO  [org.hibernate.hql.internal.QueryTranslatorFactoryInitiator] (ServerService Thread Pool -- 48) HHH000397: Using ASTQueryTranslatorFactory
2019-01-18 08:33:59,918 INFO  [org.keycloak.services] (ServerService Thread Pool -- 48) KC-SERVICES0050: Initializing master realm
2019-01-18 08:34:01,324 INFO  [org.jboss.resteasy.resteasy_jaxrs.i18n] (ServerService Thread Pool -- 48) RESTEASY002225: Deploying javax.ws.rs.core.Application: class org.keycloak.services.resources.KeycloakApplication
2019-01-18 08:34:01,324 INFO  [org.jboss.resteasy.resteasy_jaxrs.i18n] (ServerService Thread Pool -- 48) RESTEASY002205: Adding provider class org.keycloak.services.filters.KeycloakTransactionCommitter from Application class org.keycloak.services.resources.KeycloakApplication
2019-01-18 08:34:01,324 INFO  [org.jboss.resteasy.resteasy_jaxrs.i18n] (ServerService Thread Pool -- 48) RESTEASY002200: Adding class resource org.keycloak.services.resources.ThemeResource from Application class org.keycloak.services.resources.KeycloakApplication
2019-01-18 08:34:01,324 INFO  [org.jboss.resteasy.resteasy_jaxrs.i18n] (ServerService Thread Pool -- 48) RESTEASY002205: Adding provider class org.keycloak.services.error.KeycloakErrorHandler from Application class org.keycloak.services.resources.KeycloakApplication
2019-01-18 08:34:01,324 INFO  [org.jboss.resteasy.resteasy_jaxrs.i18n] (ServerService Thread Pool -- 48) RESTEASY002205: Adding provider class org.keycloak.services.filters.KeycloakStringEntityFilter from Application class org.keycloak.services.resources.KeycloakApplication
2019-01-18 08:34:01,324 INFO  [org.jboss.resteasy.resteasy_jaxrs.i18n] (ServerService Thread Pool -- 48) RESTEASY002200: Adding class resource org.keycloak.services.resources.JsResource from Application class org.keycloak.services.resources.KeycloakApplication
2019-01-18 08:34:01,324 INFO  [org.jboss.resteasy.resteasy_jaxrs.i18n] (ServerService Thread Pool -- 48) RESTEASY002220: Adding singleton resource org.keycloak.services.resources.RobotsResource from Application class org.keycloak.services.resources.KeycloakApplication
2019-01-18 08:34:01,324 INFO  [org.jboss.resteasy.resteasy_jaxrs.i18n] (ServerService Thread Pool -- 48) RESTEASY002220: Adding singleton resource org.keycloak.services.resources.WelcomeResource from Application class org.keycloak.services.resources.KeycloakApplication
2019-01-18 08:34:01,324 INFO  [org.jboss.resteasy.resteasy_jaxrs.i18n] (ServerService Thread Pool -- 48) RESTEASY002220: Adding singleton resource org.keycloak.services.resources.admin.AdminRoot from Application class org.keycloak.services.resources.KeycloakApplication
2019-01-18 08:34:01,324 INFO  [org.jboss.resteasy.resteasy_jaxrs.i18n] (ServerService Thread Pool -- 48) RESTEASY002210: Adding provider singleton org.keycloak.services.util.ObjectMapperResolver from Application class org.keycloak.services.resources.KeycloakApplication
2019-01-18 08:34:01,324 INFO  [org.jboss.resteasy.resteasy_jaxrs.i18n] (ServerService Thread Pool -- 48) RESTEASY002220: Adding singleton resource org.keycloak.services.resources.RealmsResource from Application class org.keycloak.services.resources.KeycloakApplication
2019-01-18 08:34:01,448 INFO  [org.wildfly.extension.undertow] (ServerService Thread Pool -- 48) WFLYUT0021: Registered web context: '/auth' for server 'default-server'
2019-01-18 08:34:01,464 INFO  [org.jboss.as.server] (ServerService Thread Pool -- 47) WFLYSRV0010: Deployed "keycloak-server.war" (runtime-name : "keycloak-server.war")
2019-01-18 08:34:01,511 INFO  [org.jboss.as.server] (Controller Boot Thread) WFLYSRV0212: Resuming server
2019-01-18 08:34:01,511 INFO  [org.jboss.as] (Controller Boot Thread) WFLYSRV0060: Http management interface listening on http://127.0.0.1:9990/management
2019-01-18 08:34:01,511 INFO  [org.jboss.as] (Controller Boot Thread) WFLYSRV0051: Admin console listening on http://127.0.0.1:9990
2019-01-18 08:34:01,511 INFO  [org.jboss.as] (Controller Boot Thread) WFLYSRV0025: Keycloak 4.8.3.Final (WildFly Core 6.0.2.Final) started in 27846ms - Started 577 of 834 services (557 services are lazy, passive or on-demand)
